2013/05/29 13:27:40 [error] [exception.CDbException] exception 'CDbException' with message 'CDbConnection failed to open the DB connection: SQLSTATE[42000] [1049] Unknown database 'testdrive'' in /var/www/yii/framework/db/CDbConnection.php:381
Stack trace:
#0 /var/www/yii/framework/db/CDbConnection.php(330): CDbConnection->open()
#1 /var/www/yii/framework/db/CDbConnection.php(308): CDbConnection->setActive(true)
#2 /var/www/yii/framework/base/CModule.php(387): CDbConnection->init()
#3 /var/www/yii/framework/base/CModule.php(103): CModule->getComponent('db')
#4 /var/www/yii/framework/gii/generators/model/ModelCode.php(57): CModule->__get('db')
#5 /var/www/yii/framework/web/CFormModel.php(39): ModelCode->init()
#6 /var/www/yii/framework/gii/CCodeGenerator.php(153): CFormModel->__construct()
#7 /var/www/yii/framework/gii/CCodeGenerator.php(63): CCodeGenerator->prepare()
#8 /var/www/yii/framework/web/actions/CInlineAction.php(49): CCodeGenerator->actionIndex()
#9 /var/www/yii/framework/web/CController.php(308): CInlineAction->runWithParams(Array)
#10 /var/www/yii/framework/web/CController.php(286): CController->runAction(Object(CInlineAction))
#11 /var/www/yii/framework/web/CController.php(265): CController->runActionWithFilters(Object(CInlineAction), Array)
#12 /var/www/yii/framework/web/CWebApplication.php(282): CController->run('')
#13 /var/www/yii/framework/web/CWebApplication.php(141): CWebApplication->runController('gii/model')
#14 /var/www/yii/framework/base/CApplication.php(169): CWebApplication->processRequest()
#15 /var/www/pcatracking/index.php(13): CApplication->run()
#16 {main}
REQUEST_URI=/pcatracking/index.php/gii/model
HTTP_REFERER=http://localhost/pcatracking/index.php/gii/default/index
---
2013/05/29 13:29:17 [error] [system.db.CDbCommand] CDbCommand::fetchAll() failed: SQLSTATE[42S02]: Base table or view not found: 1146 Table 'pcatracking.tbl_region' doesn't exist. The SQL statement executed was: SHOW FULL COLUMNS FROM `tbl_region`.
in /var/www/pcatracking/index.php (13)
2013/05/29 13:29:17 [error] [system.db.CDbCommand] CDbCommand::fetchAll() failed: SQLSTATE[42S02]: Base table or view not found: 1146 Table 'pcatracking.Pca' doesn't exist. The SQL statement executed was: SHOW FULL COLUMNS FROM `Pca`.
in /var/www/pcatracking/index.php (13)
2013/05/29 13:29:17 [error] [system.db.CDbCommand] CDbCommand::fetchAll() failed: SQLSTATE[42S02]: Base table or view not found: 1146 Table 'pcatracking.tbl_ca' doesn't exist. The SQL statement executed was: SHOW FULL COLUMNS FROM `tbl_ca`.
in /var/www/pcatracking/index.php (13)
2013/05/29 13:29:18 [error] [system.db.CDbCommand] CDbCommand::fetchAll() failed: SQLSTATE[42S02]: Base table or view not found: 1146 Table 'pcatracking.tbl_region' doesn't exist. The SQL statement executed was: SHOW FULL COLUMNS FROM `tbl_region`.
in /var/www/pcatracking/index.php (13)
2013/05/29 13:29:18 [error] [system.db.CDbCommand] CDbCommand::fetchAll() failed: SQLSTATE[42S02]: Base table or view not found: 1146 Table 'pcatracking.Pca' doesn't exist. The SQL statement executed was: SHOW FULL COLUMNS FROM `Pca`.
in /var/www/pcatracking/index.php (13)
2013/05/29 13:29:18 [error] [system.db.CDbCommand] CDbCommand::fetchAll() failed: SQLSTATE[42S02]: Base table or view not found: 1146 Table 'pcatracking.tbl_ca' doesn't exist. The SQL statement executed was: SHOW FULL COLUMNS FROM `tbl_ca`.
in /var/www/pcatracking/index.php (13)
2013/05/29 13:29:42 [error] [system.db.CDbCommand] CDbCommand::fetchAll() failed: SQLSTATE[42S02]: Base table or view not found: 1146 Table 'pcatracking.tbl_region' doesn't exist. The SQL statement executed was: SHOW FULL COLUMNS FROM `tbl_region`.
in /var/www/pcatracking/index.php (13)
2013/05/29 13:29:42 [error] [system.db.CDbCommand] CDbCommand::fetchAll() failed: SQLSTATE[42S02]: Base table or view not found: 1146 Table 'pcatracking.Pca' doesn't exist. The SQL statement executed was: SHOW FULL COLUMNS FROM `Pca`.
in /var/www/pcatracking/index.php (13)
2013/05/29 13:29:42 [error] [system.db.CDbCommand] CDbCommand::fetchAll() failed: SQLSTATE[42S02]: Base table or view not found: 1146 Table 'pcatracking.tbl_ca' doesn't exist. The SQL statement executed was: SHOW FULL COLUMNS FROM `tbl_ca`.
in /var/www/pcatracking/index.php (13)
2013/05/29 13:29:43 [error] [system.db.CDbCommand] CDbCommand::fetchAll() failed: SQLSTATE[42S02]: Base table or view not found: 1146 Table 'pcatracking.tbl_region' doesn't exist. The SQL statement executed was: SHOW FULL COLUMNS FROM `tbl_region`.
in /var/www/pcatracking/index.php (13)
2013/05/29 13:29:43 [error] [system.db.CDbCommand] CDbCommand::fetchAll() failed: SQLSTATE[42S02]: Base table or view not found: 1146 Table 'pcatracking.Pca' doesn't exist. The SQL statement executed was: SHOW FULL COLUMNS FROM `Pca`.
in /var/www/pcatracking/index.php (13)
2013/05/29 13:29:43 [error] [system.db.CDbCommand] CDbCommand::fetchAll() failed: SQLSTATE[42S02]: Base table or view not found: 1146 Table 'pcatracking.tbl_ca' doesn't exist. The SQL statement executed was: SHOW FULL COLUMNS FROM `tbl_ca`.
in /var/www/pcatracking/index.php (13)
2013/05/29 13:30:09 [error] [system.db.CDbCommand] CDbCommand::fetchAll() failed: SQLSTATE[42S02]: Base table or view not found: 1146 Table 'pcatracking.tbl_region' doesn't exist. The SQL statement executed was: SHOW FULL COLUMNS FROM `tbl_region`.
in /var/www/pcatracking/index.php (13)
2013/05/29 13:30:09 [error] [system.db.CDbCommand] CDbCommand::fetchAll() failed: SQLSTATE[42S02]: Base table or view not found: 1146 Table 'pcatracking.Pca' doesn't exist. The SQL statement executed was: SHOW FULL COLUMNS FROM `Pca`.
in /var/www/pcatracking/index.php (13)
2013/05/29 13:30:09 [error] [system.db.CDbCommand] CDbCommand::fetchAll() failed: SQLSTATE[42S02]: Base table or view not found: 1146 Table 'pcatracking.tbl_ca' doesn't exist. The SQL statement executed was: SHOW FULL COLUMNS FROM `tbl_ca`.
in /var/www/pcatracking/index.php (13)
2013/05/29 13:30:10 [error] [system.db.CDbCommand] CDbCommand::fetchAll() failed: SQLSTATE[42S02]: Base table or view not found: 1146 Table 'pcatracking.tbl_region' doesn't exist. The SQL statement executed was: SHOW FULL COLUMNS FROM `tbl_region`.
in /var/www/pcatracking/index.php (13)
2013/05/29 13:30:10 [error] [system.db.CDbCommand] CDbCommand::fetchAll() failed: SQLSTATE[42S02]: Base table or view not found: 1146 Table 'pcatracking.Pca' doesn't exist. The SQL statement executed was: SHOW FULL COLUMNS FROM `Pca`.
in /var/www/pcatracking/index.php (13)
2013/05/29 13:30:10 [error] [system.db.CDbCommand] CDbCommand::fetchAll() failed: SQLSTATE[42S02]: Base table or view not found: 1146 Table 'pcatracking.tbl_ca' doesn't exist. The SQL statement executed was: SHOW FULL COLUMNS FROM `tbl_ca`.
in /var/www/pcatracking/index.php (13)
2013/05/29 13:31:05 [error] [system.db.CDbCommand] CDbCommand::fetchAll() failed: SQLSTATE[42S02]: Base table or view not found: 1146 Table 'pcatracking.tbl_region' doesn't exist. The SQL statement executed was: SHOW FULL COLUMNS FROM `tbl_region`.
in /var/www/pcatracking/index.php (13)
2013/05/29 13:31:05 [error] [system.db.CDbCommand] CDbCommand::fetchAll() failed: SQLSTATE[42S02]: Base table or view not found: 1146 Table 'pcatracking.Pca' doesn't exist. The SQL statement executed was: SHOW FULL COLUMNS FROM `Pca`.
in /var/www/pcatracking/index.php (13)
2013/05/29 13:31:05 [error] [system.db.CDbCommand] CDbCommand::fetchAll() failed: SQLSTATE[42S02]: Base table or view not found: 1146 Table 'pcatracking.tbl_ca' doesn't exist. The SQL statement executed was: SHOW FULL COLUMNS FROM `tbl_ca`.
in /var/www/pcatracking/index.php (13)
2013/05/29 13:31:08 [error] [system.db.CDbCommand] CDbCommand::fetchAll() failed: SQLSTATE[42S02]: Base table or view not found: 1146 Table 'pcatracking.tbl_region' doesn't exist. The SQL statement executed was: SHOW FULL COLUMNS FROM `tbl_region`.
in /var/www/pcatracking/index.php (13)
2013/05/29 13:31:08 [error] [system.db.CDbCommand] CDbCommand::fetchAll() failed: SQLSTATE[42S02]: Base table or view not found: 1146 Table 'pcatracking.Pca' doesn't exist. The SQL statement executed was: SHOW FULL COLUMNS FROM `Pca`.
in /var/www/pcatracking/index.php (13)
2013/05/29 13:31:08 [error] [system.db.CDbCommand] CDbCommand::fetchAll() failed: SQLSTATE[42S02]: Base table or view not found: 1146 Table 'pcatracking.tbl_ca' doesn't exist. The SQL statement executed was: SHOW FULL COLUMNS FROM `tbl_ca`.
in /var/www/pcatracking/index.php (13)
2013/05/29 13:31:29 [error] [system.db.CDbCommand] CDbCommand::fetchAll() failed: SQLSTATE[42S02]: Base table or view not found: 1146 Table 'pcatracking.tbl_region' doesn't exist. The SQL statement executed was: SHOW FULL COLUMNS FROM `tbl_region`.
in /var/www/pcatracking/index.php (13)
2013/05/29 13:31:29 [error] [system.db.CDbCommand] CDbCommand::fetchAll() failed: SQLSTATE[42S02]: Base table or view not found: 1146 Table 'pcatracking.Pca' doesn't exist. The SQL statement executed was: SHOW FULL COLUMNS FROM `Pca`.
in /var/www/pcatracking/index.php (13)
2013/05/29 13:31:29 [error] [system.db.CDbCommand] CDbCommand::fetchAll() failed: SQLSTATE[42S02]: Base table or view not found: 1146 Table 'pcatracking.tbl_ca' doesn't exist. The SQL statement executed was: SHOW FULL COLUMNS FROM `tbl_ca`.
in /var/www/pcatracking/index.php (13)
2013/05/29 13:31:31 [error] [system.db.CDbCommand] CDbCommand::fetchAll() failed: SQLSTATE[42S02]: Base table or view not found: 1146 Table 'pcatracking.tbl_region' doesn't exist. The SQL statement executed was: SHOW FULL COLUMNS FROM `tbl_region`.
in /var/www/pcatracking/index.php (13)
2013/05/29 13:31:31 [error] [system.db.CDbCommand] CDbCommand::fetchAll() failed: SQLSTATE[42S02]: Base table or view not found: 1146 Table 'pcatracking.Pca' doesn't exist. The SQL statement executed was: SHOW FULL COLUMNS FROM `Pca`.
in /var/www/pcatracking/index.php (13)
2013/05/29 13:31:31 [error] [system.db.CDbCommand] CDbCommand::fetchAll() failed: SQLSTATE[42S02]: Base table or view not found: 1146 Table 'pcatracking.tbl_ca' doesn't exist. The SQL statement executed was: SHOW FULL COLUMNS FROM `tbl_ca`.
in /var/www/pcatracking/index.php (13)
2013/05/29 13:31:53 [error] [system.db.CDbCommand] CDbCommand::fetchAll() failed: SQLSTATE[42S02]: Base table or view not found: 1146 Table 'pcatracking.tbl_region' doesn't exist. The SQL statement executed was: SHOW FULL COLUMNS FROM `tbl_region`.
in /var/www/pcatracking/index.php (13)
2013/05/29 13:31:53 [error] [system.db.CDbCommand] CDbCommand::fetchAll() failed: SQLSTATE[42S02]: Base table or view not found: 1146 Table 'pcatracking.Pca' doesn't exist. The SQL statement executed was: SHOW FULL COLUMNS FROM `Pca`.
in /var/www/pcatracking/index.php (13)
2013/05/29 13:31:53 [error] [system.db.CDbCommand] CDbCommand::fetchAll() failed: SQLSTATE[42S02]: Base table or view not found: 1146 Table 'pcatracking.tbl_ca' doesn't exist. The SQL statement executed was: SHOW FULL COLUMNS FROM `tbl_ca`.
in /var/www/pcatracking/index.php (13)
2013/05/29 13:31:55 [error] [system.db.CDbCommand] CDbCommand::fetchAll() failed: SQLSTATE[42S02]: Base table or view not found: 1146 Table 'pcatracking.tbl_region' doesn't exist. The SQL statement executed was: SHOW FULL COLUMNS FROM `tbl_region`.
in /var/www/pcatracking/index.php (13)
2013/05/29 13:31:55 [error] [system.db.CDbCommand] CDbCommand::fetchAll() failed: SQLSTATE[42S02]: Base table or view not found: 1146 Table 'pcatracking.Pca' doesn't exist. The SQL statement executed was: SHOW FULL COLUMNS FROM `Pca`.
in /var/www/pcatracking/index.php (13)
2013/05/29 13:31:55 [error] [system.db.CDbCommand] CDbCommand::fetchAll() failed: SQLSTATE[42S02]: Base table or view not found: 1146 Table 'pcatracking.tbl_ca' doesn't exist. The SQL statement executed was: SHOW FULL COLUMNS FROM `tbl_ca`.
in /var/www/pcatracking/index.php (13)
2013/05/29 13:32:34 [error] [system.db.CDbCommand] CDbCommand::fetchAll() failed: SQLSTATE[42S02]: Base table or view not found: 1146 Table 'pcatracking.tbl_region' doesn't exist. The SQL statement executed was: SHOW FULL COLUMNS FROM `tbl_region`.
in /var/www/pcatracking/index.php (13)
2013/05/29 13:32:34 [error] [system.db.CDbCommand] CDbCommand::fetchAll() failed: SQLSTATE[42S02]: Base table or view not found: 1146 Table 'pcatracking.Pca' doesn't exist. The SQL statement executed was: SHOW FULL COLUMNS FROM `Pca`.
in /var/www/pcatracking/index.php (13)
2013/05/29 13:32:34 [error] [system.db.CDbCommand] CDbCommand::fetchAll() failed: SQLSTATE[42S02]: Base table or view not found: 1146 Table 'pcatracking.tbl_ca' doesn't exist. The SQL statement executed was: SHOW FULL COLUMNS FROM `tbl_ca`.
in /var/www/pcatracking/index.php (13)
2013/05/29 13:32:36 [error] [system.db.CDbCommand] CDbCommand::fetchAll() failed: SQLSTATE[42S02]: Base table or view not found: 1146 Table 'pcatracking.tbl_region' doesn't exist. The SQL statement executed was: SHOW FULL COLUMNS FROM `tbl_region`.
in /var/www/pcatracking/index.php (13)
2013/05/29 13:32:36 [error] [system.db.CDbCommand] CDbCommand::fetchAll() failed: SQLSTATE[42S02]: Base table or view not found: 1146 Table 'pcatracking.Pca' doesn't exist. The SQL statement executed was: SHOW FULL COLUMNS FROM `Pca`.
in /var/www/pcatracking/index.php (13)
2013/05/29 13:32:36 [error] [system.db.CDbCommand] CDbCommand::fetchAll() failed: SQLSTATE[42S02]: Base table or view not found: 1146 Table 'pcatracking.tbl_ca' doesn't exist. The SQL statement executed was: SHOW FULL COLUMNS FROM `tbl_ca`.
in /var/www/pcatracking/index.php (13)
2013/05/29 13:32:58 [error] [system.db.CDbCommand] CDbCommand::fetchAll() failed: SQLSTATE[42S02]: Base table or view not found: 1146 Table 'pcatracking.tbl_region' doesn't exist. The SQL statement executed was: SHOW FULL COLUMNS FROM `tbl_region`.
in /var/www/pcatracking/index.php (13)
2013/05/29 13:32:58 [error] [system.db.CDbCommand] CDbCommand::fetchAll() failed: SQLSTATE[42S02]: Base table or view not found: 1146 Table 'pcatracking.Pca' doesn't exist. The SQL statement executed was: SHOW FULL COLUMNS FROM `Pca`.
in /var/www/pcatracking/index.php (13)
2013/05/29 13:32:58 [error] [system.db.CDbCommand] CDbCommand::fetchAll() failed: SQLSTATE[42S02]: Base table or view not found: 1146 Table 'pcatracking.tbl_ca' doesn't exist. The SQL statement executed was: SHOW FULL COLUMNS FROM `tbl_ca`.
in /var/www/pcatracking/index.php (13)
2013/05/29 13:32:59 [error] [system.db.CDbCommand] CDbCommand::fetchAll() failed: SQLSTATE[42S02]: Base table or view not found: 1146 Table 'pcatracking.tbl_region' doesn't exist. The SQL statement executed was: SHOW FULL COLUMNS FROM `tbl_region`.
in /var/www/pcatracking/index.php (13)
2013/05/29 13:32:59 [error] [system.db.CDbCommand] CDbCommand::fetchAll() failed: SQLSTATE[42S02]: Base table or view not found: 1146 Table 'pcatracking.Pca' doesn't exist. The SQL statement executed was: SHOW FULL COLUMNS FROM `Pca`.
in /var/www/pcatracking/index.php (13)
2013/05/29 13:32:59 [error] [system.db.CDbCommand] CDbCommand::fetchAll() failed: SQLSTATE[42S02]: Base table or view not found: 1146 Table 'pcatracking.tbl_ca' doesn't exist. The SQL statement executed was: SHOW FULL COLUMNS FROM `tbl_ca`.
in /var/www/pcatracking/index.php (13)
2013/05/29 13:33:17 [error] [system.db.CDbCommand] CDbCommand::fetchAll() failed: SQLSTATE[42S02]: Base table or view not found: 1146 Table 'pcatracking.tbl_region' doesn't exist. The SQL statement executed was: SHOW FULL COLUMNS FROM `tbl_region`.
in /var/www/pcatracking/index.php (13)
2013/05/29 13:33:17 [error] [system.db.CDbCommand] CDbCommand::fetchAll() failed: SQLSTATE[42S02]: Base table or view not found: 1146 Table 'pcatracking.Pca' doesn't exist. The SQL statement executed was: SHOW FULL COLUMNS FROM `Pca`.
in /var/www/pcatracking/index.php (13)
2013/05/29 13:33:17 [error] [system.db.CDbCommand] CDbCommand::fetchAll() failed: SQLSTATE[42S02]: Base table or view not found: 1146 Table 'pcatracking.tbl_ca' doesn't exist. The SQL statement executed was: SHOW FULL COLUMNS FROM `tbl_ca`.
in /var/www/pcatracking/index.php (13)
2013/05/29 13:33:18 [error] [system.db.CDbCommand] CDbCommand::fetchAll() failed: SQLSTATE[42S02]: Base table or view not found: 1146 Table 'pcatracking.tbl_region' doesn't exist. The SQL statement executed was: SHOW FULL COLUMNS FROM `tbl_region`.
in /var/www/pcatracking/index.php (13)
2013/05/29 13:33:18 [error] [system.db.CDbCommand] CDbCommand::fetchAll() failed: SQLSTATE[42S02]: Base table or view not found: 1146 Table 'pcatracking.Pca' doesn't exist. The SQL statement executed was: SHOW FULL COLUMNS FROM `Pca`.
in /var/www/pcatracking/index.php (13)
2013/05/29 13:33:18 [error] [system.db.CDbCommand] CDbCommand::fetchAll() failed: SQLSTATE[42S02]: Base table or view not found: 1146 Table 'pcatracking.tbl_ca' doesn't exist. The SQL statement executed was: SHOW FULL COLUMNS FROM `tbl_ca`.
in /var/www/pcatracking/index.php (13)
2013/05/29 13:33:38 [error] [system.db.CDbCommand] CDbCommand::fetchAll() failed: SQLSTATE[42S02]: Base table or view not found: 1146 Table 'pcatracking.tbl_region' doesn't exist. The SQL statement executed was: SHOW FULL COLUMNS FROM `tbl_region`.
in /var/www/pcatracking/index.php (13)
2013/05/29 13:33:38 [error] [system.db.CDbCommand] CDbCommand::fetchAll() failed: SQLSTATE[42S02]: Base table or view not found: 1146 Table 'pcatracking.Pca' doesn't exist. The SQL statement executed was: SHOW FULL COLUMNS FROM `Pca`.
in /var/www/pcatracking/index.php (13)
2013/05/29 13:33:38 [error] [system.db.CDbCommand] CDbCommand::fetchAll() failed: SQLSTATE[42S02]: Base table or view not found: 1146 Table 'pcatracking.tbl_ca' doesn't exist. The SQL statement executed was: SHOW FULL COLUMNS FROM `tbl_ca`.
in /var/www/pcatracking/index.php (13)
2013/05/29 13:33:39 [error] [system.db.CDbCommand] CDbCommand::fetchAll() failed: SQLSTATE[42S02]: Base table or view not found: 1146 Table 'pcatracking.tbl_region' doesn't exist. The SQL statement executed was: SHOW FULL COLUMNS FROM `tbl_region`.
in /var/www/pcatracking/index.php (13)
2013/05/29 13:33:39 [error] [system.db.CDbCommand] CDbCommand::fetchAll() failed: SQLSTATE[42S02]: Base table or view not found: 1146 Table 'pcatracking.Pca' doesn't exist. The SQL statement executed was: SHOW FULL COLUMNS FROM `Pca`.
in /var/www/pcatracking/index.php (13)
2013/05/29 13:33:39 [error] [system.db.CDbCommand] CDbCommand::fetchAll() failed: SQLSTATE[42S02]: Base table or view not found: 1146 Table 'pcatracking.tbl_ca' doesn't exist. The SQL statement executed was: SHOW FULL COLUMNS FROM `tbl_ca`.
in /var/www/pcatracking/index.php (13)
2013/05/29 13:33:58 [error] [system.db.CDbCommand] CDbCommand::fetchAll() failed: SQLSTATE[42S02]: Base table or view not found: 1146 Table 'pcatracking.tbl_region' doesn't exist. The SQL statement executed was: SHOW FULL COLUMNS FROM `tbl_region`.
in /var/www/pcatracking/index.php (13)
2013/05/29 13:33:58 [error] [system.db.CDbCommand] CDbCommand::fetchAll() failed: SQLSTATE[42S02]: Base table or view not found: 1146 Table 'pcatracking.Pca' doesn't exist. The SQL statement executed was: SHOW FULL COLUMNS FROM `Pca`.
in /var/www/pcatracking/index.php (13)
2013/05/29 13:33:58 [error] [system.db.CDbCommand] CDbCommand::fetchAll() failed: SQLSTATE[42S02]: Base table or view not found: 1146 Table 'pcatracking.tbl_ca' doesn't exist. The SQL statement executed was: SHOW FULL COLUMNS FROM `tbl_ca`.
in /var/www/pcatracking/index.php (13)
2013/05/29 13:33:59 [error] [system.db.CDbCommand] CDbCommand::fetchAll() failed: SQLSTATE[42S02]: Base table or view not found: 1146 Table 'pcatracking.tbl_region' doesn't exist. The SQL statement executed was: SHOW FULL COLUMNS FROM `tbl_region`.
in /var/www/pcatracking/index.php (13)
2013/05/29 13:33:59 [error] [system.db.CDbCommand] CDbCommand::fetchAll() failed: SQLSTATE[42S02]: Base table or view not found: 1146 Table 'pcatracking.Pca' doesn't exist. The SQL statement executed was: SHOW FULL COLUMNS FROM `Pca`.
in /var/www/pcatracking/index.php (13)
2013/05/29 13:33:59 [error] [system.db.CDbCommand] CDbCommand::fetchAll() failed: SQLSTATE[42S02]: Base table or view not found: 1146 Table 'pcatracking.tbl_ca' doesn't exist. The SQL statement executed was: SHOW FULL COLUMNS FROM `tbl_ca`.
in /var/www/pcatracking/index.php (13)
2013/05/29 13:34:21 [error] [system.db.CDbCommand] CDbCommand::fetchAll() failed: SQLSTATE[42S02]: Base table or view not found: 1146 Table 'pcatracking.tbl_region' doesn't exist. The SQL statement executed was: SHOW FULL COLUMNS FROM `tbl_region`.
in /var/www/pcatracking/index.php (13)
2013/05/29 13:34:21 [error] [system.db.CDbCommand] CDbCommand::fetchAll() failed: SQLSTATE[42S02]: Base table or view not found: 1146 Table 'pcatracking.Pca' doesn't exist. The SQL statement executed was: SHOW FULL COLUMNS FROM `Pca`.
in /var/www/pcatracking/index.php (13)
2013/05/29 13:34:21 [error] [system.db.CDbCommand] CDbCommand::fetchAll() failed: SQLSTATE[42S02]: Base table or view not found: 1146 Table 'pcatracking.tbl_ca' doesn't exist. The SQL statement executed was: SHOW FULL COLUMNS FROM `tbl_ca`.
in /var/www/pcatracking/index.php (13)
2013/05/29 13:34:22 [error] [system.db.CDbCommand] CDbCommand::fetchAll() failed: SQLSTATE[42S02]: Base table or view not found: 1146 Table 'pcatracking.tbl_region' doesn't exist. The SQL statement executed was: SHOW FULL COLUMNS FROM `tbl_region`.
in /var/www/pcatracking/index.php (13)
2013/05/29 13:34:22 [error] [system.db.CDbCommand] CDbCommand::fetchAll() failed: SQLSTATE[42S02]: Base table or view not found: 1146 Table 'pcatracking.Pca' doesn't exist. The SQL statement executed was: SHOW FULL COLUMNS FROM `Pca`.
in /var/www/pcatracking/index.php (13)
2013/05/29 13:34:22 [error] [system.db.CDbCommand] CDbCommand::fetchAll() failed: SQLSTATE[42S02]: Base table or view not found: 1146 Table 'pcatracking.tbl_ca' doesn't exist. The SQL statement executed was: SHOW FULL COLUMNS FROM `tbl_ca`.
in /var/www/pcatracking/index.php (13)
2013/05/29 13:34:37 [error] [system.db.CDbCommand] CDbCommand::fetchAll() failed: SQLSTATE[42S02]: Base table or view not found: 1146 Table 'pcatracking.tbl_region' doesn't exist. The SQL statement executed was: SHOW FULL COLUMNS FROM `tbl_region`.
in /var/www/pcatracking/index.php (13)
2013/05/29 13:34:37 [error] [system.db.CDbCommand] CDbCommand::fetchAll() failed: SQLSTATE[42S02]: Base table or view not found: 1146 Table 'pcatracking.Pca' doesn't exist. The SQL statement executed was: SHOW FULL COLUMNS FROM `Pca`.
in /var/www/pcatracking/index.php (13)
2013/05/29 13:34:37 [error] [system.db.CDbCommand] CDbCommand::fetchAll() failed: SQLSTATE[42S02]: Base table or view not found: 1146 Table 'pcatracking.tbl_ca' doesn't exist. The SQL statement executed was: SHOW FULL COLUMNS FROM `tbl_ca`.
in /var/www/pcatracking/index.php (13)
2013/05/29 13:34:44 [error] [system.db.CDbCommand] CDbCommand::fetchAll() failed: SQLSTATE[42S02]: Base table or view not found: 1146 Table 'pcatracking.tbl_region' doesn't exist. The SQL statement executed was: SHOW FULL COLUMNS FROM `tbl_region`.
in /var/www/pcatracking/index.php (13)
2013/05/29 13:34:44 [error] [system.db.CDbCommand] CDbCommand::fetchAll() failed: SQLSTATE[42S02]: Base table or view not found: 1146 Table 'pcatracking.Pca' doesn't exist. The SQL statement executed was: SHOW FULL COLUMNS FROM `Pca`.
in /var/www/pcatracking/index.php (13)
2013/05/29 13:34:44 [error] [system.db.CDbCommand] CDbCommand::fetchAll() failed: SQLSTATE[42S02]: Base table or view not found: 1146 Table 'pcatracking.tbl_ca' doesn't exist. The SQL statement executed was: SHOW FULL COLUMNS FROM `tbl_ca`.
in /var/www/pcatracking/index.php (13)
2013/05/29 13:34:56 [error] [system.db.CDbCommand] CDbCommand::fetchAll() failed: SQLSTATE[42S02]: Base table or view not found: 1146 Table 'pcatracking.tbl_region' doesn't exist. The SQL statement executed was: SHOW FULL COLUMNS FROM `tbl_region`.
in /var/www/pcatracking/index.php (13)
2013/05/29 13:34:56 [error] [system.db.CDbCommand] CDbCommand::fetchAll() failed: SQLSTATE[42S02]: Base table or view not found: 1146 Table 'pcatracking.Pca' doesn't exist. The SQL statement executed was: SHOW FULL COLUMNS FROM `Pca`.
in /var/www/pcatracking/index.php (13)
2013/05/29 13:34:56 [error] [system.db.CDbCommand] CDbCommand::fetchAll() failed: SQLSTATE[42S02]: Base table or view not found: 1146 Table 'pcatracking.tbl_ca' doesn't exist. The SQL statement executed was: SHOW FULL COLUMNS FROM `tbl_ca`.
in /var/www/pcatracking/index.php (13)
2013/05/29 13:34:57 [error] [system.db.CDbCommand] CDbCommand::fetchAll() failed: SQLSTATE[42S02]: Base table or view not found: 1146 Table 'pcatracking.tbl_region' doesn't exist. The SQL statement executed was: SHOW FULL COLUMNS FROM `tbl_region`.
in /var/www/pcatracking/index.php (13)
2013/05/29 13:34:57 [error] [system.db.CDbCommand] CDbCommand::fetchAll() failed: SQLSTATE[42S02]: Base table or view not found: 1146 Table 'pcatracking.Pca' doesn't exist. The SQL statement executed was: SHOW FULL COLUMNS FROM `Pca`.
in /var/www/pcatracking/index.php (13)
2013/05/29 13:34:57 [error] [system.db.CDbCommand] CDbCommand::fetchAll() failed: SQLSTATE[42S02]: Base table or view not found: 1146 Table 'pcatracking.tbl_ca' doesn't exist. The SQL statement executed was: SHOW FULL COLUMNS FROM `tbl_ca`.
in /var/www/pcatracking/index.php (13)
2013/05/29 13:35:13 [error] [system.db.CDbCommand] CDbCommand::fetchAll() failed: SQLSTATE[42S02]: Base table or view not found: 1146 Table 'pcatracking.tbl_region' doesn't exist. The SQL statement executed was: SHOW FULL COLUMNS FROM `tbl_region`.
in /var/www/pcatracking/index.php (13)
2013/05/29 13:35:13 [error] [system.db.CDbCommand] CDbCommand::fetchAll() failed: SQLSTATE[42S02]: Base table or view not found: 1146 Table 'pcatracking.Pca' doesn't exist. The SQL statement executed was: SHOW FULL COLUMNS FROM `Pca`.
in /var/www/pcatracking/index.php (13)
2013/05/29 13:35:13 [error] [system.db.CDbCommand] CDbCommand::fetchAll() failed: SQLSTATE[42S02]: Base table or view not found: 1146 Table 'pcatracking.tbl_ca' doesn't exist. The SQL statement executed was: SHOW FULL COLUMNS FROM `tbl_ca`.
in /var/www/pcatracking/index.php (13)
2013/05/29 13:35:15 [error] [system.db.CDbCommand] CDbCommand::fetchAll() failed: SQLSTATE[42S02]: Base table or view not found: 1146 Table 'pcatracking.tbl_region' doesn't exist. The SQL statement executed was: SHOW FULL COLUMNS FROM `tbl_region`.
in /var/www/pcatracking/index.php (13)
2013/05/29 13:35:15 [error] [system.db.CDbCommand] CDbCommand::fetchAll() failed: SQLSTATE[42S02]: Base table or view not found: 1146 Table 'pcatracking.Pca' doesn't exist. The SQL statement executed was: SHOW FULL COLUMNS FROM `Pca`.
in /var/www/pcatracking/index.php (13)
2013/05/29 13:35:15 [error] [system.db.CDbCommand] CDbCommand::fetchAll() failed: SQLSTATE[42S02]: Base table or view not found: 1146 Table 'pcatracking.tbl_ca' doesn't exist. The SQL statement executed was: SHOW FULL COLUMNS FROM `tbl_ca`.
in /var/www/pcatracking/index.php (13)
2013/05/29 13:36:03 [error] [system.db.CDbCommand] CDbCommand::fetchAll() failed: SQLSTATE[42S02]: Base table or view not found: 1146 Table 'pcatracking.tbl_region' doesn't exist. The SQL statement executed was: SHOW FULL COLUMNS FROM `tbl_region`.
in /var/www/pcatracking/index.php (13)
2013/05/29 13:36:03 [error] [system.db.CDbCommand] CDbCommand::fetchAll() failed: SQLSTATE[42S02]: Base table or view not found: 1146 Table 'pcatracking.Pca' doesn't exist. The SQL statement executed was: SHOW FULL COLUMNS FROM `Pca`.
in /var/www/pcatracking/index.php (13)
2013/05/29 13:36:03 [error] [system.db.CDbCommand] CDbCommand::fetchAll() failed: SQLSTATE[42S02]: Base table or view not found: 1146 Table 'pcatracking.tbl_ca' doesn't exist. The SQL statement executed was: SHOW FULL COLUMNS FROM `tbl_ca`.
in /var/www/pcatracking/index.php (13)
2013/05/29 13:36:05 [error] [system.db.CDbCommand] CDbCommand::fetchAll() failed: SQLSTATE[42S02]: Base table or view not found: 1146 Table 'pcatracking.tbl_region' doesn't exist. The SQL statement executed was: SHOW FULL COLUMNS FROM `tbl_region`.
in /var/www/pcatracking/index.php (13)
2013/05/29 13:36:05 [error] [system.db.CDbCommand] CDbCommand::fetchAll() failed: SQLSTATE[42S02]: Base table or view not found: 1146 Table 'pcatracking.Pca' doesn't exist. The SQL statement executed was: SHOW FULL COLUMNS FROM `Pca`.
in /var/www/pcatracking/index.php (13)
2013/05/29 13:36:05 [error] [system.db.CDbCommand] CDbCommand::fetchAll() failed: SQLSTATE[42S02]: Base table or view not found: 1146 Table 'pcatracking.tbl_ca' doesn't exist. The SQL statement executed was: SHOW FULL COLUMNS FROM `tbl_ca`.
in /var/www/pcatracking/index.php (13)
2013/05/29 13:36:28 [error] [system.db.CDbCommand] CDbCommand::fetchAll() failed: SQLSTATE[42S02]: Base table or view not found: 1146 Table 'pcatracking.tbl_region' doesn't exist. The SQL statement executed was: SHOW FULL COLUMNS FROM `tbl_region`.
in /var/www/pcatracking/index.php (13)
2013/05/29 13:36:28 [error] [system.db.CDbCommand] CDbCommand::fetchAll() failed: SQLSTATE[42S02]: Base table or view not found: 1146 Table 'pcatracking.Pca' doesn't exist. The SQL statement executed was: SHOW FULL COLUMNS FROM `Pca`.
in /var/www/pcatracking/index.php (13)
2013/05/29 13:36:28 [error] [system.db.CDbCommand] CDbCommand::fetchAll() failed: SQLSTATE[42S02]: Base table or view not found: 1146 Table 'pcatracking.tbl_ca' doesn't exist. The SQL statement executed was: SHOW FULL COLUMNS FROM `tbl_ca`.
in /var/www/pcatracking/index.php (13)
2013/05/29 13:36:30 [error] [system.db.CDbCommand] CDbCommand::fetchAll() failed: SQLSTATE[42S02]: Base table or view not found: 1146 Table 'pcatracking.tbl_region' doesn't exist. The SQL statement executed was: SHOW FULL COLUMNS FROM `tbl_region`.
in /var/www/pcatracking/index.php (13)
2013/05/29 13:36:30 [error] [system.db.CDbCommand] CDbCommand::fetchAll() failed: SQLSTATE[42S02]: Base table or view not found: 1146 Table 'pcatracking.Pca' doesn't exist. The SQL statement executed was: SHOW FULL COLUMNS FROM `Pca`.
in /var/www/pcatracking/index.php (13)
2013/05/29 13:36:30 [error] [system.db.CDbCommand] CDbCommand::fetchAll() failed: SQLSTATE[42S02]: Base table or view not found: 1146 Table 'pcatracking.tbl_ca' doesn't exist. The SQL statement executed was: SHOW FULL COLUMNS FROM `tbl_ca`.
in /var/www/pcatracking/index.php (13)
2013/05/29 13:37:04 [error] [system.db.CDbCommand] CDbCommand::fetchAll() failed: SQLSTATE[42S02]: Base table or view not found: 1146 Table 'pcatracking.tbl_region' doesn't exist. The SQL statement executed was: SHOW FULL COLUMNS FROM `tbl_region`.
in /var/www/pcatracking/index.php (13)
2013/05/29 13:37:04 [error] [system.db.CDbCommand] CDbCommand::fetchAll() failed: SQLSTATE[42S02]: Base table or view not found: 1146 Table 'pcatracking.Pca' doesn't exist. The SQL statement executed was: SHOW FULL COLUMNS FROM `Pca`.
in /var/www/pcatracking/index.php (13)
2013/05/29 13:37:04 [error] [system.db.CDbCommand] CDbCommand::fetchAll() failed: SQLSTATE[42S02]: Base table or view not found: 1146 Table 'pcatracking.tbl_ca' doesn't exist. The SQL statement executed was: SHOW FULL COLUMNS FROM `tbl_ca`.
in /var/www/pcatracking/index.php (13)
2013/05/29 13:37:08 [error] [system.db.CDbCommand] CDbCommand::fetchAll() failed: SQLSTATE[42S02]: Base table or view not found: 1146 Table 'pcatracking.tbl_region' doesn't exist. The SQL statement executed was: SHOW FULL COLUMNS FROM `tbl_region`.
in /var/www/pcatracking/index.php (13)
2013/05/29 13:37:08 [error] [system.db.CDbCommand] CDbCommand::fetchAll() failed: SQLSTATE[42S02]: Base table or view not found: 1146 Table 'pcatracking.Pca' doesn't exist. The SQL statement executed was: SHOW FULL COLUMNS FROM `Pca`.
in /var/www/pcatracking/index.php (13)
2013/05/29 13:37:08 [error] [system.db.CDbCommand] CDbCommand::fetchAll() failed: SQLSTATE[42S02]: Base table or view not found: 1146 Table 'pcatracking.tbl_ca' doesn't exist. The SQL statement executed was: SHOW FULL COLUMNS FROM `tbl_ca`.
in /var/www/pcatracking/index.php (13)
2013/05/29 13:37:48 [error] [system.db.CDbCommand] CDbCommand::fetchAll() failed: SQLSTATE[42S02]: Base table or view not found: 1146 Table 'pcatracking.tbl_partner_organization_acticity' doesn't exist. The SQL statement executed was: SHOW FULL COLUMNS FROM `tbl_partner_organization_acticity`.
in /var/www/pcatracking/index.php (13)
2013/05/29 13:37:57 [error] [system.db.CDbCommand] CDbCommand::fetchAll() failed: SQLSTATE[42S02]: Base table or view not found: 1146 Table 'pcatracking.tbl_region' doesn't exist. The SQL statement executed was: SHOW FULL COLUMNS FROM `tbl_region`.
in /var/www/pcatracking/index.php (13)
2013/05/29 13:37:57 [error] [system.db.CDbCommand] CDbCommand::fetchAll() failed: SQLSTATE[42S02]: Base table or view not found: 1146 Table 'pcatracking.Pca' doesn't exist. The SQL statement executed was: SHOW FULL COLUMNS FROM `Pca`.
in /var/www/pcatracking/index.php (13)
2013/05/29 13:37:57 [error] [system.db.CDbCommand] CDbCommand::fetchAll() failed: SQLSTATE[42S02]: Base table or view not found: 1146 Table 'pcatracking.tbl_ca' doesn't exist. The SQL statement executed was: SHOW FULL COLUMNS FROM `tbl_ca`.
in /var/www/pcatracking/index.php (13)
2013/05/29 13:38:00 [error] [system.db.CDbCommand] CDbCommand::fetchAll() failed: SQLSTATE[42S02]: Base table or view not found: 1146 Table 'pcatracking.tbl_region' doesn't exist. The SQL statement executed was: SHOW FULL COLUMNS FROM `tbl_region`.
in /var/www/pcatracking/index.php (13)
2013/05/29 13:38:00 [error] [system.db.CDbCommand] CDbCommand::fetchAll() failed: SQLSTATE[42S02]: Base table or view not found: 1146 Table 'pcatracking.Pca' doesn't exist. The SQL statement executed was: SHOW FULL COLUMNS FROM `Pca`.
in /var/www/pcatracking/index.php (13)
2013/05/29 13:38:00 [error] [system.db.CDbCommand] CDbCommand::fetchAll() failed: SQLSTATE[42S02]: Base table or view not found: 1146 Table 'pcatracking.tbl_ca' doesn't exist. The SQL statement executed was: SHOW FULL COLUMNS FROM `tbl_ca`.
in /var/www/pcatracking/index.php (13)
2013/05/29 13:38:24 [error] [system.db.CDbCommand] CDbCommand::fetchAll() failed: SQLSTATE[42S02]: Base table or view not found: 1146 Table 'pcatracking.tbl_region' doesn't exist. The SQL statement executed was: SHOW FULL COLUMNS FROM `tbl_region`.
in /var/www/pcatracking/index.php (13)
2013/05/29 13:38:24 [error] [system.db.CDbCommand] CDbCommand::fetchAll() failed: SQLSTATE[42S02]: Base table or view not found: 1146 Table 'pcatracking.Pca' doesn't exist. The SQL statement executed was: SHOW FULL COLUMNS FROM `Pca`.
in /var/www/pcatracking/index.php (13)
2013/05/29 13:38:24 [error] [system.db.CDbCommand] CDbCommand::fetchAll() failed: SQLSTATE[42S02]: Base table or view not found: 1146 Table 'pcatracking.tbl_ca' doesn't exist. The SQL statement executed was: SHOW FULL COLUMNS FROM `tbl_ca`.
in /var/www/pcatracking/index.php (13)
2013/05/29 13:38:25 [error] [system.db.CDbCommand] CDbCommand::fetchAll() failed: SQLSTATE[42S02]: Base table or view not found: 1146 Table 'pcatracking.tbl_region' doesn't exist. The SQL statement executed was: SHOW FULL COLUMNS FROM `tbl_region`.
in /var/www/pcatracking/index.php (13)
2013/05/29 13:38:25 [error] [system.db.CDbCommand] CDbCommand::fetchAll() failed: SQLSTATE[42S02]: Base table or view not found: 1146 Table 'pcatracking.Pca' doesn't exist. The SQL statement executed was: SHOW FULL COLUMNS FROM `Pca`.
in /var/www/pcatracking/index.php (13)
2013/05/29 13:38:25 [error] [system.db.CDbCommand] CDbCommand::fetchAll() failed: SQLSTATE[42S02]: Base table or view not found: 1146 Table 'pcatracking.tbl_ca' doesn't exist. The SQL statement executed was: SHOW FULL COLUMNS FROM `tbl_ca`.
in /var/www/pcatracking/index.php (13)
2013/05/29 13:38:44 [error] [system.db.CDbCommand] CDbCommand::fetchAll() failed: SQLSTATE[42S02]: Base table or view not found: 1146 Table 'pcatracking.tbl_region' doesn't exist. The SQL statement executed was: SHOW FULL COLUMNS FROM `tbl_region`.
in /var/www/pcatracking/index.php (13)
2013/05/29 13:38:44 [error] [system.db.CDbCommand] CDbCommand::fetchAll() failed: SQLSTATE[42S02]: Base table or view not found: 1146 Table 'pcatracking.Pca' doesn't exist. The SQL statement executed was: SHOW FULL COLUMNS FROM `Pca`.
in /var/www/pcatracking/index.php (13)
2013/05/29 13:38:44 [error] [system.db.CDbCommand] CDbCommand::fetchAll() failed: SQLSTATE[42S02]: Base table or view not found: 1146 Table 'pcatracking.tbl_ca' doesn't exist. The SQL statement executed was: SHOW FULL COLUMNS FROM `tbl_ca`.
in /var/www/pcatracking/index.php (13)
2013/05/29 13:38:45 [error] [system.db.CDbCommand] CDbCommand::fetchAll() failed: SQLSTATE[42S02]: Base table or view not found: 1146 Table 'pcatracking.tbl_region' doesn't exist. The SQL statement executed was: SHOW FULL COLUMNS FROM `tbl_region`.
in /var/www/pcatracking/index.php (13)
2013/05/29 13:38:45 [error] [system.db.CDbCommand] CDbCommand::fetchAll() failed: SQLSTATE[42S02]: Base table or view not found: 1146 Table 'pcatracking.Pca' doesn't exist. The SQL statement executed was: SHOW FULL COLUMNS FROM `Pca`.
in /var/www/pcatracking/index.php (13)
2013/05/29 13:38:45 [error] [system.db.CDbCommand] CDbCommand::fetchAll() failed: SQLSTATE[42S02]: Base table or view not found: 1146 Table 'pcatracking.tbl_ca' doesn't exist. The SQL statement executed was: SHOW FULL COLUMNS FROM `tbl_ca`.
in /var/www/pcatracking/index.php (13)
2013/05/29 13:39:02 [error] [system.db.CDbCommand] CDbCommand::fetchAll() failed: SQLSTATE[42S02]: Base table or view not found: 1146 Table 'pcatracking.tbl_region' doesn't exist. The SQL statement executed was: SHOW FULL COLUMNS FROM `tbl_region`.
in /var/www/pcatracking/index.php (13)
2013/05/29 13:39:02 [error] [system.db.CDbCommand] CDbCommand::fetchAll() failed: SQLSTATE[42S02]: Base table or view not found: 1146 Table 'pcatracking.Pca' doesn't exist. The SQL statement executed was: SHOW FULL COLUMNS FROM `Pca`.
in /var/www/pcatracking/index.php (13)
2013/05/29 13:39:02 [error] [system.db.CDbCommand] CDbCommand::fetchAll() failed: SQLSTATE[42S02]: Base table or view not found: 1146 Table 'pcatracking.tbl_ca' doesn't exist. The SQL statement executed was: SHOW FULL COLUMNS FROM `tbl_ca`.
in /var/www/pcatracking/index.php (13)
2013/05/29 13:39:03 [error] [system.db.CDbCommand] CDbCommand::fetchAll() failed: SQLSTATE[42S02]: Base table or view not found: 1146 Table 'pcatracking.tbl_region' doesn't exist. The SQL statement executed was: SHOW FULL COLUMNS FROM `tbl_region`.
in /var/www/pcatracking/index.php (13)
2013/05/29 13:39:03 [error] [system.db.CDbCommand] CDbCommand::fetchAll() failed: SQLSTATE[42S02]: Base table or view not found: 1146 Table 'pcatracking.Pca' doesn't exist. The SQL statement executed was: SHOW FULL COLUMNS FROM `Pca`.
in /var/www/pcatracking/index.php (13)
2013/05/29 13:39:03 [error] [system.db.CDbCommand] CDbCommand::fetchAll() failed: SQLSTATE[42S02]: Base table or view not found: 1146 Table 'pcatracking.tbl_ca' doesn't exist. The SQL statement executed was: SHOW FULL COLUMNS FROM `tbl_ca`.
in /var/www/pcatracking/index.php (13)
2013/05/29 13:39:21 [error] [system.db.CDbCommand] CDbCommand::fetchAll() failed: SQLSTATE[42S02]: Base table or view not found: 1146 Table 'pcatracking.tbl_region' doesn't exist. The SQL statement executed was: SHOW FULL COLUMNS FROM `tbl_region`.
in /var/www/pcatracking/index.php (13)
2013/05/29 13:39:21 [error] [system.db.CDbCommand] CDbCommand::fetchAll() failed: SQLSTATE[42S02]: Base table or view not found: 1146 Table 'pcatracking.Pca' doesn't exist. The SQL statement executed was: SHOW FULL COLUMNS FROM `Pca`.
in /var/www/pcatracking/index.php (13)
2013/05/29 13:39:21 [error] [system.db.CDbCommand] CDbCommand::fetchAll() failed: SQLSTATE[42S02]: Base table or view not found: 1146 Table 'pcatracking.tbl_ca' doesn't exist. The SQL statement executed was: SHOW FULL COLUMNS FROM `tbl_ca`.
in /var/www/pcatracking/index.php (13)
2013/05/29 13:39:22 [error] [system.db.CDbCommand] CDbCommand::fetchAll() failed: SQLSTATE[42S02]: Base table or view not found: 1146 Table 'pcatracking.tbl_region' doesn't exist. The SQL statement executed was: SHOW FULL COLUMNS FROM `tbl_region`.
in /var/www/pcatracking/index.php (13)
2013/05/29 13:39:22 [error] [system.db.CDbCommand] CDbCommand::fetchAll() failed: SQLSTATE[42S02]: Base table or view not found: 1146 Table 'pcatracking.Pca' doesn't exist. The SQL statement executed was: SHOW FULL COLUMNS FROM `Pca`.
in /var/www/pcatracking/index.php (13)
2013/05/29 13:39:22 [error] [system.db.CDbCommand] CDbCommand::fetchAll() failed: SQLSTATE[42S02]: Base table or view not found: 1146 Table 'pcatracking.tbl_ca' doesn't exist. The SQL statement executed was: SHOW FULL COLUMNS FROM `tbl_ca`.
in /var/www/pcatracking/index.php (13)
2013/05/29 13:39:49 [error] [system.db.CDbCommand] CDbCommand::fetchAll() failed: SQLSTATE[42S02]: Base table or view not found: 1146 Table 'pcatracking.tbl_region' doesn't exist. The SQL statement executed was: SHOW FULL COLUMNS FROM `tbl_region`.
in /var/www/pcatracking/index.php (13)
2013/05/29 13:39:49 [error] [system.db.CDbCommand] CDbCommand::fetchAll() failed: SQLSTATE[42S02]: Base table or view not found: 1146 Table 'pcatracking.Pca' doesn't exist. The SQL statement executed was: SHOW FULL COLUMNS FROM `Pca`.
in /var/www/pcatracking/index.php (13)
2013/05/29 13:39:49 [error] [system.db.CDbCommand] CDbCommand::fetchAll() failed: SQLSTATE[42S02]: Base table or view not found: 1146 Table 'pcatracking.tbl_ca' doesn't exist. The SQL statement executed was: SHOW FULL COLUMNS FROM `tbl_ca`.
in /var/www/pcatracking/index.php (13)
2013/05/29 13:39:50 [error] [system.db.CDbCommand] CDbCommand::fetchAll() failed: SQLSTATE[42S02]: Base table or view not found: 1146 Table 'pcatracking.tbl_region' doesn't exist. The SQL statement executed was: SHOW FULL COLUMNS FROM `tbl_region`.
in /var/www/pcatracking/index.php (13)
2013/05/29 13:39:50 [error] [system.db.CDbCommand] CDbCommand::fetchAll() failed: SQLSTATE[42S02]: Base table or view not found: 1146 Table 'pcatracking.Pca' doesn't exist. The SQL statement executed was: SHOW FULL COLUMNS FROM `Pca`.
in /var/www/pcatracking/index.php (13)
2013/05/29 13:39:50 [error] [system.db.CDbCommand] CDbCommand::fetchAll() failed: SQLSTATE[42S02]: Base table or view not found: 1146 Table 'pcatracking.tbl_ca' doesn't exist. The SQL statement executed was: SHOW FULL COLUMNS FROM `tbl_ca`.
in /var/www/pcatracking/index.php (13)
2013/05/29 13:40:10 [error] [system.db.CDbCommand] CDbCommand::fetchAll() failed: SQLSTATE[42S02]: Base table or view not found: 1146 Table 'pcatracking.tbl_region' doesn't exist. The SQL statement executed was: SHOW FULL COLUMNS FROM `tbl_region`.
in /var/www/pcatracking/index.php (13)
2013/05/29 13:40:10 [error] [system.db.CDbCommand] CDbCommand::fetchAll() failed: SQLSTATE[42S02]: Base table or view not found: 1146 Table 'pcatracking.Pca' doesn't exist. The SQL statement executed was: SHOW FULL COLUMNS FROM `Pca`.
in /var/www/pcatracking/index.php (13)
2013/05/29 13:40:10 [error] [system.db.CDbCommand] CDbCommand::fetchAll() failed: SQLSTATE[42S02]: Base table or view not found: 1146 Table 'pcatracking.tbl_ca' doesn't exist. The SQL statement executed was: SHOW FULL COLUMNS FROM `tbl_ca`.
in /var/www/pcatracking/index.php (13)
2013/05/29 13:40:12 [error] [system.db.CDbCommand] CDbCommand::fetchAll() failed: SQLSTATE[42S02]: Base table or view not found: 1146 Table 'pcatracking.tbl_region' doesn't exist. The SQL statement executed was: SHOW FULL COLUMNS FROM `tbl_region`.
in /var/www/pcatracking/index.php (13)
2013/05/29 13:40:12 [error] [system.db.CDbCommand] CDbCommand::fetchAll() failed: SQLSTATE[42S02]: Base table or view not found: 1146 Table 'pcatracking.Pca' doesn't exist. The SQL statement executed was: SHOW FULL COLUMNS FROM `Pca`.
in /var/www/pcatracking/index.php (13)
2013/05/29 13:40:12 [error] [system.db.CDbCommand] CDbCommand::fetchAll() failed: SQLSTATE[42S02]: Base table or view not found: 1146 Table 'pcatracking.tbl_ca' doesn't exist. The SQL statement executed was: SHOW FULL COLUMNS FROM `tbl_ca`.
in /var/www/pcatracking/index.php (13)
2013/05/29 13:40:34 [error] [system.db.CDbCommand] CDbCommand::fetchAll() failed: SQLSTATE[42S02]: Base table or view not found: 1146 Table 'pcatracking.tbl_region' doesn't exist. The SQL statement executed was: SHOW FULL COLUMNS FROM `tbl_region`.
in /var/www/pcatracking/index.php (13)
2013/05/29 13:40:34 [error] [system.db.CDbCommand] CDbCommand::fetchAll() failed: SQLSTATE[42S02]: Base table or view not found: 1146 Table 'pcatracking.Pca' doesn't exist. The SQL statement executed was: SHOW FULL COLUMNS FROM `Pca`.
in /var/www/pcatracking/index.php (13)
2013/05/29 13:40:34 [error] [system.db.CDbCommand] CDbCommand::fetchAll() failed: SQLSTATE[42S02]: Base table or view not found: 1146 Table 'pcatracking.tbl_ca' doesn't exist. The SQL statement executed was: SHOW FULL COLUMNS FROM `tbl_ca`.
in /var/www/pcatracking/index.php (13)
2013/05/29 13:40:35 [error] [system.db.CDbCommand] CDbCommand::fetchAll() failed: SQLSTATE[42S02]: Base table or view not found: 1146 Table 'pcatracking.tbl_region' doesn't exist. The SQL statement executed was: SHOW FULL COLUMNS FROM `tbl_region`.
in /var/www/pcatracking/index.php (13)
2013/05/29 13:40:35 [error] [system.db.CDbCommand] CDbCommand::fetchAll() failed: SQLSTATE[42S02]: Base table or view not found: 1146 Table 'pcatracking.Pca' doesn't exist. The SQL statement executed was: SHOW FULL COLUMNS FROM `Pca`.
in /var/www/pcatracking/index.php (13)
2013/05/29 13:40:35 [error] [system.db.CDbCommand] CDbCommand::fetchAll() failed: SQLSTATE[42S02]: Base table or view not found: 1146 Table 'pcatracking.tbl_ca' doesn't exist. The SQL statement executed was: SHOW FULL COLUMNS FROM `tbl_ca`.
in /var/www/pcatracking/index.php (13)
2013/05/29 13:40:55 [error] [system.db.CDbCommand] CDbCommand::fetchAll() failed: SQLSTATE[42S02]: Base table or view not found: 1146 Table 'pcatracking.tbl_region' doesn't exist. The SQL statement executed was: SHOW FULL COLUMNS FROM `tbl_region`.
in /var/www/pcatracking/index.php (13)
2013/05/29 13:40:55 [error] [system.db.CDbCommand] CDbCommand::fetchAll() failed: SQLSTATE[42S02]: Base table or view not found: 1146 Table 'pcatracking.Pca' doesn't exist. The SQL statement executed was: SHOW FULL COLUMNS FROM `Pca`.
in /var/www/pcatracking/index.php (13)
2013/05/29 13:40:55 [error] [system.db.CDbCommand] CDbCommand::fetchAll() failed: SQLSTATE[42S02]: Base table or view not found: 1146 Table 'pcatracking.tbl_ca' doesn't exist. The SQL statement executed was: SHOW FULL COLUMNS FROM `tbl_ca`.
in /var/www/pcatracking/index.php (13)
2013/05/29 13:40:56 [error] [system.db.CDbCommand] CDbCommand::fetchAll() failed: SQLSTATE[42S02]: Base table or view not found: 1146 Table 'pcatracking.tbl_region' doesn't exist. The SQL statement executed was: SHOW FULL COLUMNS FROM `tbl_region`.
in /var/www/pcatracking/index.php (13)
2013/05/29 13:40:56 [error] [system.db.CDbCommand] CDbCommand::fetchAll() failed: SQLSTATE[42S02]: Base table or view not found: 1146 Table 'pcatracking.Pca' doesn't exist. The SQL statement executed was: SHOW FULL COLUMNS FROM `Pca`.
in /var/www/pcatracking/index.php (13)
2013/05/29 13:40:56 [error] [system.db.CDbCommand] CDbCommand::fetchAll() failed: SQLSTATE[42S02]: Base table or view not found: 1146 Table 'pcatracking.tbl_ca' doesn't exist. The SQL statement executed was: SHOW FULL COLUMNS FROM `tbl_ca`.
in /var/www/pcatracking/index.php (13)
2013/05/29 13:41:22 [error] [system.db.CDbCommand] CDbCommand::fetchAll() failed: SQLSTATE[42S02]: Base table or view not found: 1146 Table 'pcatracking.tbl_region' doesn't exist. The SQL statement executed was: SHOW FULL COLUMNS FROM `tbl_region`.
in /var/www/pcatracking/index.php (13)
2013/05/29 13:41:22 [error] [system.db.CDbCommand] CDbCommand::fetchAll() failed: SQLSTATE[42S02]: Base table or view not found: 1146 Table 'pcatracking.Pca' doesn't exist. The SQL statement executed was: SHOW FULL COLUMNS FROM `Pca`.
in /var/www/pcatracking/index.php (13)
2013/05/29 13:41:22 [error] [system.db.CDbCommand] CDbCommand::fetchAll() failed: SQLSTATE[42S02]: Base table or view not found: 1146 Table 'pcatracking.tbl_ca' doesn't exist. The SQL statement executed was: SHOW FULL COLUMNS FROM `tbl_ca`.
in /var/www/pcatracking/index.php (13)
2013/05/29 13:41:23 [error] [system.db.CDbCommand] CDbCommand::fetchAll() failed: SQLSTATE[42S02]: Base table or view not found: 1146 Table 'pcatracking.tbl_region' doesn't exist. The SQL statement executed was: SHOW FULL COLUMNS FROM `tbl_region`.
in /var/www/pcatracking/index.php (13)
2013/05/29 13:41:23 [error] [system.db.CDbCommand] CDbCommand::fetchAll() failed: SQLSTATE[42S02]: Base table or view not found: 1146 Table 'pcatracking.Pca' doesn't exist. The SQL statement executed was: SHOW FULL COLUMNS FROM `Pca`.
in /var/www/pcatracking/index.php (13)
2013/05/29 13:41:23 [error] [system.db.CDbCommand] CDbCommand::fetchAll() failed: SQLSTATE[42S02]: Base table or view not found: 1146 Table 'pcatracking.tbl_ca' doesn't exist. The SQL statement executed was: SHOW FULL COLUMNS FROM `tbl_ca`.
in /var/www/pcatracking/index.php (13)
2013/05/29 13:41:47 [error] [system.db.CDbCommand] CDbCommand::fetchAll() failed: SQLSTATE[42S02]: Base table or view not found: 1146 Table 'pcatracking.tbl_region' doesn't exist. The SQL statement executed was: SHOW FULL COLUMNS FROM `tbl_region`.
in /var/www/pcatracking/index.php (13)
2013/05/29 13:41:47 [error] [system.db.CDbCommand] CDbCommand::fetchAll() failed: SQLSTATE[42S02]: Base table or view not found: 1146 Table 'pcatracking.Pca' doesn't exist. The SQL statement executed was: SHOW FULL COLUMNS FROM `Pca`.
in /var/www/pcatracking/index.php (13)
2013/05/29 13:41:47 [error] [system.db.CDbCommand] CDbCommand::fetchAll() failed: SQLSTATE[42S02]: Base table or view not found: 1146 Table 'pcatracking.tbl_ca' doesn't exist. The SQL statement executed was: SHOW FULL COLUMNS FROM `tbl_ca`.
in /var/www/pcatracking/index.php (13)
2013/05/29 13:41:48 [error] [system.db.CDbCommand] CDbCommand::fetchAll() failed: SQLSTATE[42S02]: Base table or view not found: 1146 Table 'pcatracking.tbl_region' doesn't exist. The SQL statement executed was: SHOW FULL COLUMNS FROM `tbl_region`.
in /var/www/pcatracking/index.php (13)
2013/05/29 13:41:48 [error] [system.db.CDbCommand] CDbCommand::fetchAll() failed: SQLSTATE[42S02]: Base table or view not found: 1146 Table 'pcatracking.Pca' doesn't exist. The SQL statement executed was: SHOW FULL COLUMNS FROM `Pca`.
in /var/www/pcatracking/index.php (13)
2013/05/29 13:41:48 [error] [system.db.CDbCommand] CDbCommand::fetchAll() failed: SQLSTATE[42S02]: Base table or view not found: 1146 Table 'pcatracking.tbl_ca' doesn't exist. The SQL statement executed was: SHOW FULL COLUMNS FROM `tbl_ca`.
in /var/www/pcatracking/index.php (13)
2013/05/29 13:42:15 [error] [system.db.CDbCommand] CDbCommand::fetchAll() failed: SQLSTATE[42S02]: Base table or view not found: 1146 Table 'pcatracking.tbl_progress_pca_report' doesn't exist. The SQL statement executed was: SHOW FULL COLUMNS FROM `tbl_progress_pca_report`.
in /var/www/pcatracking/index.php (13)
2013/05/29 13:42:51 [error] [system.db.CDbCommand] CDbCommand::fetchAll() failed: SQLSTATE[42S02]: Base table or view not found: 1146 Table 'pcatracking.tbl_region' doesn't exist. The SQL statement executed was: SHOW FULL COLUMNS FROM `tbl_region`.
in /var/www/pcatracking/index.php (13)
2013/05/29 13:42:51 [error] [system.db.CDbCommand] CDbCommand::fetchAll() failed: SQLSTATE[42S02]: Base table or view not found: 1146 Table 'pcatracking.Pca' doesn't exist. The SQL statement executed was: SHOW FULL COLUMNS FROM `Pca`.
in /var/www/pcatracking/index.php (13)
2013/05/29 13:42:51 [error] [system.db.CDbCommand] CDbCommand::fetchAll() failed: SQLSTATE[42S02]: Base table or view not found: 1146 Table 'pcatracking.tbl_ca' doesn't exist. The SQL statement executed was: SHOW FULL COLUMNS FROM `tbl_ca`.
in /var/www/pcatracking/index.php (13)
2013/05/29 13:42:54 [error] [system.db.CDbCommand] CDbCommand::fetchAll() failed: SQLSTATE[42S02]: Base table or view not found: 1146 Table 'pcatracking.tbl_region' doesn't exist. The SQL statement executed was: SHOW FULL COLUMNS FROM `tbl_region`.
in /var/www/pcatracking/index.php (13)
2013/05/29 13:42:54 [error] [system.db.CDbCommand] CDbCommand::fetchAll() failed: SQLSTATE[42S02]: Base table or view not found: 1146 Table 'pcatracking.Pca' doesn't exist. The SQL statement executed was: SHOW FULL COLUMNS FROM `Pca`.
in /var/www/pcatracking/index.php (13)
2013/05/29 13:42:54 [error] [system.db.CDbCommand] CDbCommand::fetchAll() failed: SQLSTATE[42S02]: Base table or view not found: 1146 Table 'pcatracking.tbl_ca' doesn't exist. The SQL statement executed was: SHOW FULL COLUMNS FROM `tbl_ca`.
in /var/www/pcatracking/index.php (13)
